<?xml version="1.0" encoding="UTF-8"?>
<!-- Generated by org.testng.reporters.JUnitReportReporter -->
<testsuite hostname="SDS" name="lt.itakademija.test.TestParties" tests="3" failures="0" timestamp="16 Mar 2017 11:12:50 GMT" time="42.057" errors="0">
  <testcase name="testRegisterMultipleParties" time="13.886" classname="lt.itakademija.test.TestParties"/>
  <testcase name="testAddingMultiCsvFileToParties" time="9.452" classname="lt.itakademija.test.TestParties"/>
  <testcase name="testAddingCsvFileToParty" time="18.719" classname="lt.itakademija.test.TestParties"/>
</testsuite> <!-- lt.itakademija.test.TestParties -->
